0 info it worked if it ends with ok
1 verbose cli [ 'node', '/usr/local/bin/npm', 'install', '-g', 'grunt-cli' ]
2 info using npm@2.3.0
3 info using node@v0.10.36
4 verbose node symlink /usr/local/bin/node
5 silly cache add args [ 'grunt-cli', null ]
6 verbose cache add spec grunt-cli
7 silly cache add parsed spec { raw: 'grunt-cli',
7 silly cache add   scope: null,
7 silly cache add   name: 'grunt-cli',
7 silly cache add   rawSpec: '',
7 silly cache add   spec: '*',
7 silly cache add   type: 'range' }
8 verbose addNamed grunt-cli@*
9 silly addNamed semver.valid null
10 silly addNamed semver.validRange *
11 silly addNameRange { name: 'grunt-cli', range: '*', hasData: false }
12 silly mapToRegistry name grunt-cli
13 silly mapToRegistry using default registry
14 silly mapToRegistry registry https://registry.npmjs.org/
15 silly mapToRegistry uri https://registry.npmjs.org/grunt-cli
16 verbose addNameRange registry:https://registry.npmjs.org/grunt-cli not in flight; fetching
17 verbose request uri https://registry.npmjs.org/grunt-cli
18 verbose request no auth needed
19 info attempt registry request try #1 at 19:39:58
20 verbose request id 65a5d3715bb03c4e
21 verbose etag "130-dde59d4cc1cdd2132703f4371e6927b2"
22 http request GET https://registry.npmjs.org/grunt-cli
23 http 304 https://registry.npmjs.org/grunt-cli
24 silly get cb [ 304,
24 silly get   { date: 'Wed, 04 Mar 2015 03:39:58 GMT',
24 silly get     server: 'Apache',
24 silly get     via: '1.1 varnish',
24 silly get     'last-modified': 'Wed, 04 Mar 2015 03:39:58 GMT',
24 silly get     'cache-control': 'max-age=60',
24 silly get     etag: '"130-dde59d4cc1cdd2132703f4371e6927b2"',
24 silly get     age: '13',
24 silly get     'x-served-by': 'cache-lax1424-LAX',
24 silly get     'x-cache': 'HIT',
24 silly get     'x-cache-hits': '1',
24 silly get     'x-timer': 'S1425440398.329240,VS0,VE0',
24 silly get     'content-length': '0',
24 silly get     'keep-alive': 'timeout=10, max=50',
24 silly get     connection: 'Keep-Alive' } ]
25 verbose etag https://registry.npmjs.org/grunt-cli from cache
26 silly addNameRange number 2 { name: 'grunt-cli', range: '*', hasData: true }
27 silly addNameRange versions [ 'grunt-cli',
27 silly addNameRange   [ '0.1.0',
27 silly addNameRange     '0.1.1',
27 silly addNameRange     '0.1.2',
27 silly addNameRange     '0.1.3',
27 silly addNameRange     '0.1.4',
27 silly addNameRange     '0.1.5',
27 silly addNameRange     '0.1.6',
27 silly addNameRange     '0.1.7',
27 silly addNameRange     '0.1.8',
27 silly addNameRange     '0.1.9',
27 silly addNameRange     '0.1.10',
27 silly addNameRange     '0.1.11',
27 silly addNameRange     '0.1.12',
27 silly addNameRange     '0.1.13' ] ]
28 verbose addNamed grunt-cli@0.1.13
29 silly addNamed semver.valid 0.1.13
30 silly addNamed semver.validRange 0.1.13
31 silly cache afterAdd grunt-cli@0.1.13
32 verbose afterAdd /Users/mcsuth/.npm/grunt-cli/0.1.13/package/package.json not in flight; writing
33 verbose afterAdd /Users/mcsuth/.npm/grunt-cli/0.1.13/package/package.json written
34 silly install resolved [ { name: 'grunt-cli',
34 silly install resolved     description: 'The grunt command line interface.',
34 silly install resolved     version: '0.1.13',
34 silly install resolved     author: { name: 'Grunt Team' },
34 silly install resolved     homepage: 'http://gruntjs.com/',
34 silly install resolved     repository: { type: 'git', url: 'git://github.com/gruntjs/grunt-cli.git' },
34 silly install resolved     bugs: { url: 'http://github.com/gruntjs/grunt-cli/issues' },
34 silly install resolved     licenses: [ [Object] ],
34 silly install resolved     bin: { grunt: 'bin/grunt' },
34 silly install resolved     engines: { node: '>= 0.8.0' },
34 silly install resolved     scripts: { test: 'node bin/grunt test' },
34 silly install resolved     preferGlobal: true,
34 silly install resolved     dependencies: { nopt: '~1.0.10', 'findup-sync': '~0.1.0', resolve: '~0.3.1' },
34 silly install resolved     devDependencies: { grunt: '~0.4.0', 'grunt-contrib-jshint': '~0.2.0' },
34 silly install resolved     contributors: [ [Object], [Object], [Object], [Object] ],
34 silly install resolved     _id: 'grunt-cli@0.1.13',
34 silly install resolved     dist:
34 silly install resolved      { shasum: 'e9ebc4047631f5012d922770c39378133cad10f4',
34 silly install resolved        tarball: 'http://registry.npmjs.org/grunt-cli/-/grunt-cli-0.1.13.tgz' },
34 silly install resolved     _from: 'grunt-cli@*',
34 silly install resolved     _npmVersion: '1.3.24',
34 silly install resolved     _npmUser: { name: 'tkellen', email: 'tyler@sleekcode.net' },
34 silly install resolved     maintainers: [ [Object] ],
34 silly install resolved     _shasum: 'e9ebc4047631f5012d922770c39378133cad10f4',
34 silly install resolved     _resolved: 'https://registry.npmjs.org/grunt-cli/-/grunt-cli-0.1.13.tgz',
34 silly install resolved     readme: 'ERROR: No README data found!' } ]
35 info install grunt-cli@0.1.13 into /usr/local/lib
36 info installOne grunt-cli@0.1.13
37 verbose installOne of grunt-cli to /usr/local/lib not in flight; installing
38 verbose lock using /Users/mcsuth/.npm/_locks/grunt-cli-58f484dab06f0a30.lock for /usr/local/lib/node_modules/grunt-cli
39 silly install write writing grunt-cli 0.1.13 to /usr/local/lib/node_modules/grunt-cli
40 silly cache addNamed cb grunt-cli@0.1.13
41 verbose unbuild lib/node_modules/grunt-cli
42 verbose gentlyRm vacuuming /usr/local/lib/node_modules/grunt-cli
43 verbose tar unpack /Users/mcsuth/.npm/grunt-cli/0.1.13/package.tgz
44 verbose tar unpacking to /usr/local/lib/node_modules/grunt-cli
45 verbose gentlyRm vacuuming /usr/local/lib/node_modules/grunt-cli
46 silly gunzTarPerm modes [ '755', '644' ]
47 error tar.unpack untar error /Users/mcsuth/.npm/grunt-cli/0.1.13/package.tgz
48 verbose unlock done using /Users/mcsuth/.npm/_locks/grunt-cli-58f484dab06f0a30.lock for /usr/local/lib/node_modules/grunt-cli
49 verbose fstream_path /usr/local/lib/node_modules/grunt-cli
50 verbose fstream_type Directory
51 verbose fstream_class DirWriter
52 verbose stack Error: EACCES, mkdir '/usr/local/lib/node_modules/grunt-cli'
53 verbose fstream_stack /usr/local/lib/node_modules/npm/node_modules/fstream/lib/dir-writer.js:36:23
53 verbose fstream_stack /usr/local/lib/node_modules/npm/node_modules/mkdirp/index.js:46:53
53 verbose fstream_stack Object.oncomplete (fs.js:108:15)
54 verbose cwd /Users/mcsuth/Documents/react_playground
55 error Darwin 14.1.0
56 error argv "node" "/usr/local/bin/npm" "install" "-g" "grunt-cli"
57 error node v0.10.36
58 error npm  v2.3.0
59 error path /usr/local/lib/node_modules/grunt-cli
60 error code EACCES
61 error errno 3
62 error Error: EACCES, mkdir '/usr/local/lib/node_modules/grunt-cli'
62 error  { [Error: EACCES, mkdir '/usr/local/lib/node_modules/grunt-cli']
62 error   errno: 3,
62 error   code: 'EACCES',
62 error   path: '/usr/local/lib/node_modules/grunt-cli',
62 error   fstream_type: 'Directory',
62 error   fstream_path: '/usr/local/lib/node_modules/grunt-cli',
62 error   fstream_class: 'DirWriter',
62 error   fstream_stack:
62 error    [ '/usr/local/lib/node_modules/npm/node_modules/fstream/lib/dir-writer.js:36:23',
62 error      '/usr/local/lib/node_modules/npm/node_modules/mkdirp/index.js:46:53',
62 error      'Object.oncomplete (fs.js:108:15)' ] }
63 error Please try running this command again as root/Administrator.
64 verbose exit [ 3, true ]
65 verbose unbuild lib/node_modules/grunt-cli
66 verbose gentlyRm vacuuming /usr/local/lib/node_modules/grunt-cli
